<?xml version="1.0" encoding="UTF-8"?>
<!-- Generated by org.testng.reporters.JUnitReportReporter -->
<testsuite skipped="0" hostname="User" name="sel.Script" tests="2" failures="0" timestamp="22 Dec 2018 07:00:52 GMT" time="0.015" errors="0">
  <testcase name="b" time="0.000" classname="sel.Script"/>
  <testcase name="a" time="0.015" classname="sel.Script"/>
</testsuite> <!-- sel.Script -->
